<?xml version="1.0" encoding="UTF-8"?>
<!-- Generated by org.testng.reporters.JUnitXMLReporter -->
<testsuite hostname="USER" name="Custom Listener Test" tests="2" failures="1" timestamp="13 Aug 2016 01:49:25 GMT" time="0.001" errors="0">
  <testcase name="login" time="0.0" classname="testng_listeners.LoginTest">
    <failure type="java.lang.AssertionError" message="expected [B] but found [A]">
      <![CDATA[java.lang.AssertionError: expected [B] but found [A]
	at testng_listeners.LoginTest.login(LoginTest.java:15)
... Removed 28 stack frames]]>
    </failure>
  </testcase> <!-- login -->
  <testcase name="AdminLogin" time="0.0" classname="testng_listeners.LoginTest"/>
</testsuite> <!-- Custom Listener Test -->
