<?xml version="1.0" encoding="UTF-8"?>
<!-- Generated by org.testng.reporters.JUnitXMLReporter -->
<testsuite hostname="USER" name="Yahoo Registration Test" tests="3" failures="0" timestamp="13 Aug 2016 01:49:25 GMT" time="0.006" errors="0">
  <testcase name="testRegister" time="0.0" classname="test.YahooRegistrationTest"/>
  <testcase name="testRegister" time="0.001" classname="test.YahooRegistrationTest"/>
  <testcase name="testRegister" time="0.0" classname="test.YahooRegistrationTest"/>
</testsuite> <!-- Yahoo Registration Test -->
